Start testing: Nov 04 10:28 CST
----------------------------------------------------------
1/1 Testing: multiply_gtests
1/1 Test: multiply_gtests
Command: "/home/cyx/public_task/GTEST/build/tests/multiply_test"
Directory: /home/cyx/public_task/GTEST/build/tests
"multiply_gtests" start time: Nov 04 10:28 CST
Output:
----------------------------------------------------------
[==========] Running 3 tests from 2 test suites.
[----------] Global test environment set-up.
[----------] 2 tests from MultiplyTests
[ RUN      ] MultiplyTests.TestIntegerOne_One
[       OK ] MultiplyTests.TestIntegerOne_One (0 ms)
[ RUN      ] MultiplyTests.TestIntegerZero_One
/home/cyx/public_task/GTEST/tests/multiply_test.cpp:22: Failure
Expected equality of these values:
  actual
    Which is: 0
  expected
    Which is: 1
[  FAILED  ] MultiplyTests.TestIntegerZero_One (0 ms)
[----------] 2 tests from MultiplyTests (0 ms total)

[----------] 1 test from MultiplyTests1
[ RUN      ] MultiplyTests1.TestIntegerZero_Zero
/home/cyx/public_task/GTEST/tests/multiply_test.cpp:15: Failure
Expected equality of these values:
  expected
    Which is: 1
  actual
    Which is: 0
[  FAILED  ] MultiplyTests1.TestIntegerZero_Zero (0 ms)
[----------] 1 test from MultiplyTests1 (0 ms total)

[----------] Global test environment tear-down
[==========] 3 tests from 2 test suites ran. (0 ms total)
[  PASSED  ] 1 test.
[  FAILED  ] 2 tests, listed below:
[  FAILED  ] MultiplyTests.TestIntegerZero_One
[  FAILED  ] MultiplyTests1.TestIntegerZero_Zero

 2 FAILED TESTS
<end of output>
Test time =   0.00 sec
----------------------------------------------------------
Test Failed.
"multiply_gtests" end time: Nov 04 10:28 CST
"multiply_gtests" time elapsed: 00:00:00
----------------------------------------------------------

End testing: Nov 04 10:28 CST
