Start testing: Nov 04 10:22 CST
----------------------------------------------------------
1/1 Testing: armor_detector_tests
1/1 Test: armor_detector_tests
Command: "/home/cyx/public_task/armor_detector/build/armor_detector_test"
Directory: /home/cyx/public_task/armor_detector/build
"armor_detector_tests" start time: Nov 04 10:22 CST
Output:
----------------------------------------------------------
Running main() from /home/cyx/googletest-master/googletest/src/gtest_main.cc
[==========] Running 2 tests from 1 test suite.
[----------] Global test environment set-up.
[----------] 2 tests from detectTest
[ RUN      ] detectTest.colorTest_yellow
No video!
No video!
4[       OK ] detectTest.colorTest_yellow (3 ms)
[ RUN      ] detectTest.colorTest_blue
No video!
No video!
0/home/cyx/public_task/armor_detector/test/armor_detector_test.cpp:32: Failure
Expected equality of these values:
  T_p.size()
    Which is: 0
  4
[  FAILED  ] detectTest.colorTest_blue (2 ms)
[----------] 2 tests from detectTest (5 ms total)

[----------] Global test environment tear-down
[==========] 2 tests from 1 test suite ran. (5 ms total)
[  PASSED  ] 1 test.
[  FAILED  ] 1 test, listed below:
[  FAILED  ] detectTest.colorTest_blue

 1 FAILED TEST
<end of output>
Test time =   0.03 sec
----------------------------------------------------------
Test Failed.
"armor_detector_tests" end time: Nov 04 10:22 CST
"armor_detector_tests" time elapsed: 00:00:00
----------------------------------------------------------

End testing: Nov 04 10:22 CST
