Start testing: Oct 20 20:56 CST
----------------------------------------------------------
1/1 Testing: assembly1_test
1/1 Test: assembly1_test
Command: "/home/cyx/CMake_II-master/build/assembly1_test"
Directory: /home/cyx/CMake_II-master/build
"assembly1_test" start time: Oct 20 20:56 CST
Output:
----------------------------------------------------------
2
<end of output>
Test time =   0.00 sec
----------------------------------------------------------
Test Pass Reason:
Required regular expression found. Regex=[2]
"assembly1_test" end time: Oct 20 20:56 CST
"assembly1_test" time elapsed: 00:00:00
----------------------------------------------------------

End testing: Oct 20 20:56 CST
